Determining if the pthread_create exist failed with the following output:
Change Dir: /home/lyp/project/tf_insightface/build/CMakeFiles/CMakeTmp

Run Build Command:"/usr/bin/make" "cmTC_2dc83/fast"
/usr/bin/make -f CMakeFiles/cmTC_2dc83.dir/build.make CMakeFiles/cmTC_2dc83.dir/build
make[1]: Entering directory '/home/lyp/project/tf_insightface/build/CMakeFiles/CMakeTmp'
Building C object CMakeFiles/cmTC_2dc83.dir/CheckSymbolExists.c.o
/usr/bin/cc    -fPIC    -o CMakeFiles/cmTC_2dc83.dir/CheckSymbolExists.c.o   -c /home/lyp/project/tf_insightface/build/CMakeFiles/CMakeTmp/CheckSymbolExists.c
Linking C executable cmTC_2dc83
/usr/bin/cmake -E cmake_link_script CMakeFiles/cmTC_2dc83.dir/link.txt --verbose=1
/usr/bin/cc  -fPIC     CMakeFiles/cmTC_2dc83.dir/CheckSymbolExists.c.o  -o cmTC_2dc83 -rdynamic 
CMakeFiles/cmTC_2dc83.dir/CheckSymbolExists.c.o: In function `main':
CheckSymbolExists.c:(.text+0x1b): undefined reference to `pthread_create'
collect2: error: ld returned 1 exit status
CMakeFiles/cmTC_2dc83.dir/build.make:97: recipe for target 'cmTC_2dc83' failed
make[1]: *** [cmTC_2dc83] Error 1
make[1]: Leaving directory '/home/lyp/project/tf_insightface/build/CMakeFiles/CMakeTmp'
Makefile:126: recipe for target 'cmTC_2dc83/fast' failed
make: *** [cmTC_2dc83/fast] Error 2

File /home/lyp/project/tf_insightface/build/CMakeFiles/CMakeTmp/CheckSymbolExists.c:
/* */
#include <pthread.h>

int main(int argc, char** argv)
{
  (void)argv;
#ifndef pthread_create
  return ((int*)(&pthread_create))[argc];
#else
  (void)argc;
  return 0;
#endif
}

Determining if the function pthread_create exists in the pthreads failed with the following output:
Change Dir: /home/lyp/project/tf_insightface/build/CMakeFiles/CMakeTmp

Run Build Command:"/usr/bin/make" "cmTC_dc0be/fast"
/usr/bin/make -f CMakeFiles/cmTC_dc0be.dir/build.make CMakeFiles/cmTC_dc0be.dir/build
make[1]: Entering directory '/home/lyp/project/tf_insightface/build/CMakeFiles/CMakeTmp'
Building C object CMakeFiles/cmTC_dc0be.dir/CheckFunctionExists.c.o
/usr/bin/cc    -fPIC -DCHECK_FUNCTION_EXISTS=pthread_create   -o CMakeFiles/cmTC_dc0be.dir/CheckFunctionExists.c.o   -c /usr/share/cmake-3.5/Modules/CheckFunctionExists.c
Linking C executable cmTC_dc0be
/usr/bin/cmake -E cmake_link_script CMakeFiles/cmTC_dc0be.dir/link.txt --verbose=1
/usr/bin/cc  -fPIC -DCHECK_FUNCTION_EXISTS=pthread_create    CMakeFiles/cmTC_dc0be.dir/CheckFunctionExists.c.o  -o cmTC_dc0be -rdynamic -lpthreads 
/usr/bin/ld: cannot find -lpthreads
collect2: error: ld returned 1 exit status
CMakeFiles/cmTC_dc0be.dir/build.make:97: recipe for target 'cmTC_dc0be' failed
make[1]: *** [cmTC_dc0be] Error 1
make[1]: Leaving directory '/home/lyp/project/tf_insightface/build/CMakeFiles/CMakeTmp'
Makefile:126: recipe for target 'cmTC_dc0be/fast' failed
make: *** [cmTC_dc0be/fast] Error 2


